{"uuid":"c0476746-4a09-4e17-bbed-ea074236fbb1","historyId":"358e001da170b65118c405a5d0deca86","fullName":"org.mine.tests.PlaceOrderTest.verify_placeOrderPage","labels":[{"name":"package","value":"org.mine.tests.PlaceOrderTest"},{"name":"testClass","value":"org.mine.tests.PlaceOrderTest"},{"name":"testMethod","value":"verify_placeOrderPage"},{"name":"parentSuite","value":"Test Automation Suite"},{"name":"suite","value":"Web Tests 2"},{"name":"subSuite","value":"org.mine.tests.PlaceOrderTest"},{"name":"host","value":"antony"},{"name":"thread","value":"21136@antony.main(1)"},{"name":"framework","value":"testng"},{"name":"language","value":"java"},{"name":"feature","value":"Verify product count and click on place order"},{"name":"epic","value":"PlaceOrderTest"},{"name":"story","value":"Successful check product count and click on place order"}],"links":[],"name":"verify_placeOrderPage","status":"broken","statusDetails":{"known":false,"muted":false,"flaky":false,"message":"invalid selector\nfrom javascript error: {\"status\":32,\"value\":\"Unable to locate an element with the xpath expression ///p[@class='quantity'] because of the following error:\\nSyntaxError: Failed to execute 'evaluate' on 'Document': The string '///p[@class='quantity']' is not a valid XPath expression.\"}\n  (Session info: chrome=131.0.6778.205)\nFor documentation on this error, please visit: https://www.selenium.dev/documentation/webdriver/troubleshooting/errors#invalid-selector-exception\nBuild info: version: '4.16.1', revision: '9b4c83354e'\nSystem info: os.name: 'Windows 11', os.arch: 'amd64', os.version: '10.0', java.version: '17.0.8'\nDriver info: org.openqa.selenium.chrome.ChromeDriver\nCommand: [4c7cc1bfd33335aa08d2dbd895614ba9, findElement {using=xpath, value=///p[@class='quantity']}]\nCapabilities {acceptInsecureCerts: false, browserName: chrome, browserVersion: 131.0.6778.205, chrome: {chromedriverVersion: 131.0.6778.204 (52183f9e99a..., userDataDir: C:\\Users\\anton\\AppData\\Loca...}, fedcm:accounts: true, goog:chromeOptions: {debuggerAddress: localhost:58337}, networkConnectionEnabled: false, pageLoadStrategy: normal, platformName: windows, proxy: Proxy(), se:cdp: ws://localhost:58337/devtoo..., se:cdpVersion: 131.0.6778.205, setWindowRect: true, strictFileInteractability: false, timeouts: {implicit: 0, pageLoad: 300000, script: 30000}, unhandledPromptBehavior: dismiss and notify, webauthn:extension:credBlob: true, webauthn:extension:largeBlob: true, webauthn:extension:minPinLength: true, webauthn:extension:prf: true, webauthn:virtualAuthenticators: true}\nSession ID: 4c7cc1bfd33335aa08d2dbd895614ba9","trace":"org.openqa.selenium.InvalidSelectorException: invalid selector\nfrom javascript error: {\"status\":32,\"value\":\"Unable to locate an element with the xpath expression ///p[@class='quantity'] because of the following error:\\nSyntaxError: Failed to execute 'evaluate' on 'Document': The string '///p[@class='quantity']' is not a valid XPath expression.\"}\n  (Session info: chrome=131.0.6778.205)\nFor documentation on this error, please visit: https://www.selenium.dev/documentation/webdriver/troubleshooting/errors#invalid-selector-exception\nBuild info: version: '4.16.1', revision: '9b4c83354e'\nSystem info: os.name: 'Windows 11', os.arch: 'amd64', os.version: '10.0', java.version: '17.0.8'\nDriver info: org.openqa.selenium.chrome.ChromeDriver\nCommand: [4c7cc1bfd33335aa08d2dbd895614ba9, findElement {using=xpath, value=///p[@class='quantity']}]\nCapabilities {acceptInsecureCerts: false, browserName: chrome, browserVersion: 131.0.6778.205, chrome: {chromedriverVersion: 131.0.6778.204 (52183f9e99a..., userDataDir: C:\\Users\\anton\\AppData\\Loca...}, fedcm:accounts: true, goog:chromeOptions: {debuggerAddress: localhost:58337}, networkConnectionEnabled: false, pageLoadStrategy: normal, platformName: windows, proxy: Proxy(), se:cdp: ws://localhost:58337/devtoo..., se:cdpVersion: 131.0.6778.205, setWindowRect: true, strictFileInteractability: false, timeouts: {implicit: 0, pageLoad: 300000, script: 30000}, unhandledPromptBehavior: dismiss and notify, webauthn:extension:credBlob: true, webauthn:extension:largeBlob: true, webauthn:extension:minPinLength: true, webauthn:extension:prf: true, webauthn:virtualAuthenticators: true}\nSession ID: 4c7cc1bfd33335aa08d2dbd895614ba9\r\n\tat java.base/jdk.internal.reflect.NativeConstructorAccessorImpl.newInstance0(Native Method)\r\n\tat java.base/jdk.internal.reflect.NativeConstructorAccessorImpl.newInstance(NativeConstructorAccessorImpl.java:77)\r\n\tat java.base/jdk.internal.reflect.DelegatingConstructorAccessorImpl.newInstance(DelegatingConstructorAccessorImpl.java:45)\r\n\tat java.base/java.lang.reflect.Constructor.newInstanceWithCaller(Constructor.java:499)\r\n\tat java.base/java.lang.reflect.Constructor.newInstance(Constructor.java:480)\r\n\tat org.openqa.selenium.remote.codec.w3c.W3CHttpResponseCodec.createException(W3CHttpResponseCodec.java:200)\r\n\tat org.openqa.selenium.remote.codec.w3c.W3CHttpResponseCodec.decode(W3CHttpResponseCodec.java:133)\r\n\tat org.openqa.selenium.remote.codec.w3c.W3CHttpResponseCodec.decode(W3CHttpResponseCodec.java:52)\r\n\tat org.openqa.selenium.remote.HttpCommandExecutor.execute(HttpCommandExecutor.java:191)\r\n\tat org.openqa.selenium.remote.service.DriverCommandExecutor.invokeExecute(DriverCommandExecutor.java:200)\r\n\tat org.openqa.selenium.remote.service.DriverCommandExecutor.execute(DriverCommandExecutor.java:175)\r\n\tat org.openqa.selenium.remote.RemoteWebDriver.execute(RemoteWebDriver.java:523)\r\n\tat org.openqa.selenium.remote.ElementLocation$ElementFinder$2.findElement(ElementLocation.java:165)\r\n\tat org.openqa.selenium.remote.ElementLocation.findElement(ElementLocation.java:59)\r\n\tat org.openqa.selenium.remote.RemoteWebDriver.findElement(RemoteWebDriver.java:360)\r\n\tat org.openqa.selenium.remote.RemoteWebDriver.findElement(RemoteWebDriver.java:354)\r\n\tat jdk.internal.reflect.GeneratedMethodAccessor2.invoke(Unknown Source)\r\n\tat java.base/jdk.internal.reflect.DelegatingMethodAccessorImpl.invoke(DelegatingMethodAccessorImpl.java:43)\r\n\tat java.base/java.lang.reflect.Method.invoke(Method.java:568)\r\n\tat org.openqa.selenium.support.events.EventFiringWebDriver.lambda$new$1(EventFiringWebDriver.java:107)\r\n\tat jdk.proxy2/jdk.proxy2.$Proxy39.findElement(Unknown Source)\r\n\tat org.openqa.selenium.support.events.EventFiringWebDriver.findElement(EventFiringWebDriver.java:194)\r\n\tat org.openqa.selenium.support.pagefactory.DefaultElementLocator.findElement(DefaultElementLocator.java:68)\r\n\tat org.openqa.selenium.support.pagefactory.internal.LocatingElementHandler.invoke(LocatingElementHandler.java:38)\r\n\tat jdk.proxy2/jdk.proxy2.$Proxy45.toString(Unknown Source)\r\n\tat java.base/java.lang.StringConcatHelper.stringOf(StringConcatHelper.java:453)\r\n\tat java.base/java.lang.StringConcatHelper.simpleConcat(StringConcatHelper.java:408)\r\n\tat org.mine.pages.BasePage.waitForElementVisible(BasePage.java:34)\r\n\tat org.mine.pages.PlaceOrderPage.verifyQuantityandClickOnPlaceOrderButton(PlaceOrderPage.java:20)\r\n\tat org.mine.tests.PlaceOrderTest.verify_placeOrderPage(PlaceOrderTest.java:45)\r\n\tat java.base/jdk.internal.reflect.NativeMethodAccessorImpl.invoke0(Native Method)\r\n\tat java.base/jdk.internal.reflect.NativeMethodAccessorImpl.invoke(NativeMethodAccessorImpl.java:77)\r\n\tat java.base/jdk.internal.reflect.DelegatingMethodAccessorImpl.invoke(DelegatingMethodAccessorImpl.java:43)\r\n\tat java.base/java.lang.reflect.Method.invoke(Method.java:568)\r\n\tat org.testng.internal.invokers.MethodInvocationHelper.invokeMethod(MethodInvocationHelper.java:139)\r\n\tat org.testng.internal.invokers.TestInvoker.invokeMethod(TestInvoker.java:664)\r\n\tat org.testng.internal.invokers.TestInvoker.retryFailed(TestInvoker.java:248)\r\n\tat org.testng.internal.invokers.MethodRunner.runInSequence(MethodRunner.java:62)\r\n\tat org.testng.internal.invokers.TestInvoker$MethodInvocationAgent.invoke(TestInvoker.java:957)\r\n\tat org.testng.internal.invokers.TestInvoker.invokeTestMethods(TestInvoker.java:200)\r\n\tat org.testng.internal.invokers.TestMethodWorker.invokeTestMethods(TestMethodWorker.java:148)\r\n\tat org.testng.internal.invokers.TestMethodWorker.run(TestMethodWorker.java:128)\r\n\tat java.base/java.util.ArrayList.forEach(ArrayList.java:1511)\r\n\tat org.testng.TestRunner.privateRun(TestRunner.java:848)\r\n\tat org.testng.TestRunner.run(TestRunner.java:621)\r\n\tat org.testng.SuiteRunner.runTest(SuiteRunner.java:443)\r\n\tat org.testng.SuiteRunner.runSequentially(SuiteRunner.java:437)\r\n\tat org.testng.SuiteRunner.privateRun(SuiteRunner.java:397)\r\n\tat org.testng.SuiteRunner.run(SuiteRunner.java:336)\r\n\tat org.testng.SuiteRunnerWorker.runSuite(SuiteRunnerWorker.java:52)\r\n\tat org.testng.SuiteRunnerWorker.run(SuiteRunnerWorker.java:95)\r\n\tat org.testng.TestNG.runSuitesSequentially(TestNG.java:1280)\r\n\tat org.testng.TestNG.runSuitesLocally(TestNG.java:1200)\r\n\tat org.testng.TestNG.runSuites(TestNG.java:1114)\r\n\tat org.testng.TestNG.run(TestNG.java:1082)\r\n\tat com.intellij.rt.testng.IDEARemoteTestNG.run(IDEARemoteTestNG.java:65)\r\n\tat com.intellij.rt.testng.RemoteTestNGStarter.main(RemoteTestNGStarter.java:105)\r\n"},"stage":"finished","description":"Validates Successfully checked product count and click on place order.Verify product count and click on place order.","steps":[{"name":"starting proceedToCheckOut method ","status":"passed","stage":"finished","steps":[],"attachments":[],"parameters":[],"start":1735802762020,"stop":1735802762020},{"name":"starting getplaceOrder method ","status":"passed","stage":"finished","steps":[],"attachments":[],"parameters":[],"start":1735802762806,"stop":1735802762806},{"name":"starting verifyQuantityandClickOnPlaceOrderButton method ","status":"passed","stage":"finished","steps":[],"attachments":[],"parameters":[],"start":1735802762811,"stop":1735802762811},{"name":"Test Failure: {testName} -step defined ob above onTestFailure method of listner ","status":"passed","stage":"finished","steps":[{"name":"Test Failed: verify_placeOrderPage","status":"passed","stage":"finished","steps":[],"attachments":[],"parameters":[],"start":1735802762887,"stop":1735802762887}],"attachments":[{"name":"Failure Screenshot","source":"d7dfe8d5-96dd-4762-9bd6-c242c619584e-attachment","type":"image/png"},{"name":"Failure Screenshot","source":"0489ccd4-2fb0-43e7-8fc5-399baf6519cc-attachment","type":"image/png"},{"name":"Failure Screenshot","source":"382f0b06-5fea-4fcc-8f89-e507dba232e8-attachment"},{"name":"onTestFailure Log","source":"37a58a8e-0b69-4410-ac81-e5ad4b0d5ddd-attachment.txt","type":"text/plain"}],"parameters":[{"name":"result","value":"[TestResult name=verify_placeOrderPage status=FAILURE method=PlaceOrderTest.verify_placeOrderPage(org.testng.ITestContext)[pri:0, instance:org.mine.tests.PlaceOrderTest@12952aff] output={null}]"}],"start":1735802762887,"stop":1735802763453}],"attachments":[{"name":"Log from a @test method","source":"31b10f99-c77d-424e-91e1-91b2047736ab-attachment.txt","type":"text/plain"}],"parameters":[],"start":1735802752878,"stop":1735802763453}